[0.354s] DEBUG:colcon:Command line arguments: ['/usr/bin/colcon', 'build']
[0.354s] DEBUG:colcon:Parsed command line arguments: Namespace(allow_overriding=[], ament_cmake_args=None, base_paths=['.'], build_base='build', catkin_cmake_args=None, catkin_skip_building_tests=False, cmake_args=None, cmake_clean_cache=False, cmake_clean_first=False, cmake_force_configure=False, cmake_target=None, cmake_target_skip_unavailable=False, continue_on_error=False, event_handlers=None, executor='parallel', ignore_user_meta=False, install_base='install', log_base=None, log_level=None, main=<bound method BuildVerb.main of <colcon_core.verb.build.BuildVerb object at 0x7fcd273cbe20>>, merge_install=False, metas=['./colcon.meta'], mixin=None, mixin_files=None, mixin_verb=('build',), packages_above=None, packages_above_and_dependencies=None, packages_above_depth=None, packages_end=None, packages_ignore=None, packages_ignore_regex=None, packages_select=None, packages_select_build_failed=False, packages_select_by_dep=None, packages_select_regex=None, packages_select_test_failures=False, packages_skip=None, packages_skip_build_finished=False, packages_skip_by_dep=None, packages_skip_regex=None, packages_skip_test_passed=False, packages_skip_up_to=None, packages_start=None, packages_up_to=None, packages_up_to_regex=None, parallel_workers=12, paths=None, symlink_install=False, test_result_base=None, verb_extension=<colcon_core.verb.build.BuildVerb object at 0x7fcd273cbe20>, verb_name='build', verb_parser=<colcon_mixin.mixin.mixin_argument.MixinArgumentDecorator object at 0x7fcd2737b580>)
[0.530s] Level 1:colcon.colcon_core.package_discovery:discover_packages(colcon_meta) check parameters
[0.530s] Level 1:colcon.colcon_core.package_discovery:discover_packages(recursive) check parameters
[0.530s] Level 1:colcon.colcon_core.package_discovery:discover_packages(ignore) check parameters
[0.530s] Level 1:colcon.colcon_core.package_discovery:discover_packages(path) check parameters
[0.530s] Level 1:colcon.colcon_core.package_discovery:discover_packages(colcon_meta) discover
[0.531s] Level 1:colcon.colcon_core.package_discovery:discover_packages(recursive) discover
[0.531s] INFO:colcon.colcon_core.package_discovery:Crawling recursively for packages in '/home/nicklas/Documents/DAS_kandidate/IDT_SilvanDrone/module10_mission_upload'
[0.531s] Level 1:colcon.colcon_core.package_identification:_identify(.) by extensions ['ignore', 'ignore_ament_install']
[0.531s] Level 1:colcon.colcon_core.package_identification:_identify(.) by extension 'ignore'
[0.531s] Level 1:colcon.colcon_core.package_identification:_identify(.) by extension 'ignore_ament_install'
[0.531s] Level 1:colcon.colcon_core.package_identification:_identify(.) by extensions ['colcon_pkg']
[0.531s] Level 1:colcon.colcon_core.package_identification:_identify(.) by extension 'colcon_pkg'
[0.531s] Level 1:colcon.colcon_core.package_identification:_identify(.) by extensions ['colcon_meta']
[0.532s] Level 1:colcon.colcon_core.package_identification:_identify(.) by extension 'colcon_meta'
[0.532s] Level 1:colcon.colcon_core.package_identification:_identify(.) by extensions ['ros']
[0.532s] Level 1:colcon.colcon_core.package_identification:_identify(.) by extension 'ros'
[0.545s] Level 1:colcon.colcon_core.package_identification:_identify(.) by extensions ['cmake', 'python']
[0.545s] Level 1:colcon.colcon_core.package_identification:_identify(.) by extension 'cmake'
[0.545s] Level 1:colcon.colcon_core.package_identification:_identify(.) by extension 'python'
[0.545s] Level 1:colcon.colcon_core.package_identification:_identify(.) by extensions ['python_setup_py']
[0.545s] Level 1:colcon.colcon_core.package_identification:_identify(.) by extension 'python_setup_py'
[0.545s] Level 1:colcon.colcon_core.package_identification:_identify(build) by extensions ['ignore', 'ignore_ament_install']
[0.545s] Level 1:colcon.colcon_core.package_identification:_identify(build) by extension 'ignore'
[0.545s] Level 1:colcon.colcon_core.package_identification:_identify(build) ignored
[0.545s] Level 1:colcon.colcon_core.package_identification:_identify(install) by extensions ['ignore', 'ignore_ament_install']
[0.545s] Level 1:colcon.colcon_core.package_identification:_identify(install) by extension 'ignore'
[0.545s] Level 1:colcon.colcon_core.package_identification:_identify(install) ignored
[0.545s] Level 1:colcon.colcon_core.package_identification:_identify(log) by extensions ['ignore', 'ignore_ament_install']
[0.545s] Level 1:colcon.colcon_core.package_identification:_identify(log) by extension 'ignore'
[0.545s] Level 1:colcon.colcon_core.package_identification:_identify(log) ignored
[0.546s] Level 1:colcon.colcon_core.package_identification:_identify(src) by extensions ['ignore', 'ignore_ament_install']
[0.546s] Level 1:colcon.colcon_core.package_identification:_identify(src) by extension 'ignore'
[0.546s] Level 1:colcon.colcon_core.package_identification:_identify(src) by extension 'ignore_ament_install'
[0.546s] Level 1:colcon.colcon_core.package_identification:_identify(src) by extensions ['colcon_pkg']
[0.546s] Level 1:colcon.colcon_core.package_identification:_identify(src) by extension 'colcon_pkg'
[0.546s] Level 1:colcon.colcon_core.package_identification:_identify(src) by extensions ['colcon_meta']
[0.546s] Level 1:colcon.colcon_core.package_identification:_identify(src) by extension 'colcon_meta'
[0.546s] Level 1:colcon.colcon_core.package_identification:_identify(src) by extensions ['ros']
[0.546s] Level 1:colcon.colcon_core.package_identification:_identify(src) by extension 'ros'
[0.546s] Level 1:colcon.colcon_core.package_identification:_identify(src) by extensions ['cmake', 'python']
[0.546s] Level 1:colcon.colcon_core.package_identification:_identify(src) by extension 'cmake'
[0.546s] Level 1:colcon.colcon_core.package_identification:_identify(src) by extension 'python'
[0.546s] Level 1:colcon.colcon_core.package_identification:_identify(src) by extensions ['python_setup_py']
[0.546s] Level 1:colcon.colcon_core.package_identification:_identify(src) by extension 'python_setup_py'
[0.546s] Level 1:colcon.colcon_core.package_identification:_identify(src/idt) by extensions ['ignore', 'ignore_ament_install']
[0.546s] Level 1:colcon.colcon_core.package_identification:_identify(src/idt) by extension 'ignore'
[0.546s] Level 1:colcon.colcon_core.package_identification:_identify(src/idt) by extension 'ignore_ament_install'
[0.546s] Level 1:colcon.colcon_core.package_identification:_identify(src/idt) by extensions ['colcon_pkg']
[0.546s] Level 1:colcon.colcon_core.package_identification:_identify(src/idt) by extension 'colcon_pkg'
[0.546s] Level 1:colcon.colcon_core.package_identification:_identify(src/idt) by extensions ['colcon_meta']
[0.546s] Level 1:colcon.colcon_core.package_identification:_identify(src/idt) by extension 'colcon_meta'
[0.546s] Level 1:colcon.colcon_core.package_identification:_identify(src/idt) by extensions ['ros']
[0.546s] Level 1:colcon.colcon_core.package_identification:_identify(src/idt) by extension 'ros'
[0.550s] DEBUG:colcon.colcon_core.package_identification:Package 'src/idt' with type 'ros.ament_python' and name 'idt'
[0.550s] Level 1:colcon.colcon_core.package_discovery:discover_packages(recursive) using defaults
[0.550s] Level 1:colcon.colcon_core.package_discovery:discover_packages(ignore) discover
[0.550s] Level 1:colcon.colcon_core.package_discovery:discover_packages(ignore) using defaults
[0.550s] Level 1:colcon.colcon_core.package_discovery:discover_packages(path) discover
[0.550s] Level 1:colcon.colcon_core.package_discovery:discover_packages(path) using defaults
[0.575s] Level 1:colcon.colcon_core.package_discovery:discover_packages(prefix_path) check parameters
[0.575s] Level 1:colcon.colcon_core.package_discovery:discover_packages(prefix_path) discover
[0.579s] Level 1:colcon.colcon_core.package_discovery:discover_packages(prefix_path) using defaults
[0.582s] Level 5:colcon.colcon_core.verb:set package 'idt' build argument 'cmake_args' from command line to 'None'
[0.582s] Level 5:colcon.colcon_core.verb:set package 'idt' build argument 'cmake_target' from command line to 'None'
[0.582s] Level 5:colcon.colcon_core.verb:set package 'idt' build argument 'cmake_target_skip_unavailable' from command line to 'False'
[0.582s] Level 5:colcon.colcon_core.verb:set package 'idt' build argument 'cmake_clean_cache' from command line to 'False'
[0.582s] Level 5:colcon.colcon_core.verb:set package 'idt' build argument 'cmake_clean_first' from command line to 'False'
[0.582s] Level 5:colcon.colcon_core.verb:set package 'idt' build argument 'cmake_force_configure' from command line to 'False'
[0.582s] Level 5:colcon.colcon_core.verb:set package 'idt' build argument 'ament_cmake_args' from command line to 'None'
[0.582s] Level 5:colcon.colcon_core.verb:set package 'idt' build argument 'catkin_cmake_args' from command line to 'None'
[0.582s] Level 5:colcon.colcon_core.verb:set package 'idt' build argument 'catkin_skip_building_tests' from command line to 'False'
[0.582s] DEBUG:colcon.colcon_core.verb:Building package 'idt' with the following arguments: {'ament_cmake_args': None, 'build_base': '/home/nicklas/Documents/DAS_kandidate/IDT_SilvanDrone/module10_mission_upload/build/idt', 'catkin_cmake_args': None, 'catkin_skip_building_tests': False, 'cmake_args': None, 'cmake_clean_cache': False, 'cmake_clean_first': False, 'cmake_force_configure': False, 'cmake_target': None, 'cmake_target_skip_unavailable': False, 'install_base': '/home/nicklas/Documents/DAS_kandidate/IDT_SilvanDrone/module10_mission_upload/install/idt', 'merge_install': False, 'path': '/home/nicklas/Documents/DAS_kandidate/IDT_SilvanDrone/module10_mission_upload/src/idt', 'symlink_install': False, 'test_result_base': None}
[0.583s] INFO:colcon.colcon_core.executor:Executing jobs using 'parallel' executor
[0.584s] DEBUG:colcon.colcon_parallel_executor.executor.parallel:run_until_complete
[0.585s] INFO:colcon.colcon_ros.task.ament_python.build:Building ROS package in '/home/nicklas/Documents/DAS_kandidate/IDT_SilvanDrone/module10_mission_upload/src/idt' with build type 'ament_python'
[0.585s] Level 1:colcon.colcon_core.shell:create_environment_hook('idt', 'ament_prefix_path')
[0.591s] INFO:colcon.colcon_core.plugin_system:Skipping extension 'colcon_core.shell.bat': Not used on non-Windows systems
[0.591s] INFO:colcon.colcon_core.shell:Creating environment hook '/home/nicklas/Documents/DAS_kandidate/IDT_SilvanDrone/module10_mission_upload/install/idt/share/idt/hook/ament_prefix_path.ps1'
[0.592s] INFO:colcon.colcon_core.shell:Creating environment descriptor '/home/nicklas/Documents/DAS_kandidate/IDT_SilvanDrone/module10_mission_upload/install/idt/share/idt/hook/ament_prefix_path.dsv'
[0.593s] INFO:colcon.colcon_core.shell:Creating environment hook '/home/nicklas/Documents/DAS_kandidate/IDT_SilvanDrone/module10_mission_upload/install/idt/share/idt/hook/ament_prefix_path.sh'
[0.594s] INFO:colcon.colcon_core.shell:Skip shell extension 'powershell' for command environment: Not usable outside of PowerShell
[0.594s] DEBUG:colcon.colcon_core.shell:Skip shell extension 'dsv' for command environment
[0.799s] INFO:colcon.colcon_core.task.python.build:Building Python package in '/home/nicklas/Documents/DAS_kandidate/IDT_SilvanDrone/module10_mission_upload/src/idt'
[0.800s] INFO:colcon.colcon_core.shell:Skip shell extension 'powershell' for command environment: Not usable outside of PowerShell
[0.800s] DEBUG:colcon.colcon_core.shell:Skip shell extension 'dsv' for command environment
[1.229s] DEBUG:colcon.colcon_core.event_handler.log_command:Invoking command in '/home/nicklas/Documents/DAS_kandidate/IDT_SilvanDrone/module10_mission_upload/src/idt': PYTHONPATH=/home/nicklas/Documents/DAS_kandidate/IDT_SilvanDrone/module10_mission_upload/build/idt/prefix_override:/usr/lib/python3/dist-packages/colcon_core/task/python/colcon_distutils_commands:/home/nicklas/Documents/DAS_kandidate/IDT_SilvanDrone/module10_mission_upload/install/idt/lib/python3.8/site-packages: _=/usr/bin/env /usr/bin/python3 -W ignore:setup.py install is deprecated setup.py egg_info --egg-base ../../build/idt build --build-base /home/nicklas/Documents/DAS_kandidate/IDT_SilvanDrone/module10_mission_upload/build/idt/build install --record /home/nicklas/Documents/DAS_kandidate/IDT_SilvanDrone/module10_mission_upload/build/idt/install.log --single-version-externally-managed install_data
[1.487s] DEBUG:colcon.colcon_core.event_handler.log_command:Invoked command in '/home/nicklas/Documents/DAS_kandidate/IDT_SilvanDrone/module10_mission_upload/src/idt' returned '0': PYTHONPATH=/home/nicklas/Documents/DAS_kandidate/IDT_SilvanDrone/module10_mission_upload/build/idt/prefix_override:/usr/lib/python3/dist-packages/colcon_core/task/python/colcon_distutils_commands:/home/nicklas/Documents/DAS_kandidate/IDT_SilvanDrone/module10_mission_upload/install/idt/lib/python3.8/site-packages: _=/usr/bin/env /usr/bin/python3 -W ignore:setup.py install is deprecated setup.py egg_info --egg-base ../../build/idt build --build-base /home/nicklas/Documents/DAS_kandidate/IDT_SilvanDrone/module10_mission_upload/build/idt/build install --record /home/nicklas/Documents/DAS_kandidate/IDT_SilvanDrone/module10_mission_upload/build/idt/install.log --single-version-externally-managed install_data
[1.495s] Level 1:colcon.colcon_core.environment:checking '/home/nicklas/Documents/DAS_kandidate/IDT_SilvanDrone/module10_mission_upload/install/idt' for CMake module files
[1.496s] Level 1:colcon.colcon_core.environment:checking '/home/nicklas/Documents/DAS_kandidate/IDT_SilvanDrone/module10_mission_upload/install/idt' for CMake config files
[1.499s] Level 1:colcon.colcon_core.environment:checking '/home/nicklas/Documents/DAS_kandidate/IDT_SilvanDrone/module10_mission_upload/install/idt/lib'
[1.500s] Level 1:colcon.colcon_core.environment:checking '/home/nicklas/Documents/DAS_kandidate/IDT_SilvanDrone/module10_mission_upload/install/idt/bin'
[1.500s] Level 1:colcon.colcon_core.environment:checking '/home/nicklas/Documents/DAS_kandidate/IDT_SilvanDrone/module10_mission_upload/install/idt/lib/pkgconfig/idt.pc'
[1.500s] Level 1:colcon.colcon_core.environment:checking '/home/nicklas/Documents/DAS_kandidate/IDT_SilvanDrone/module10_mission_upload/install/idt/lib/python3.8/site-packages'
[1.500s] Level 1:colcon.colcon_core.shell:create_environment_hook('idt', 'pythonpath')
[1.501s] INFO:colcon.colcon_core.shell:Creating environment hook '/home/nicklas/Documents/DAS_kandidate/IDT_SilvanDrone/module10_mission_upload/install/idt/share/idt/hook/pythonpath.ps1'
[1.502s] INFO:colcon.colcon_core.shell:Creating environment descriptor '/home/nicklas/Documents/DAS_kandidate/IDT_SilvanDrone/module10_mission_upload/install/idt/share/idt/hook/pythonpath.dsv'
[1.502s] INFO:colcon.colcon_core.shell:Creating environment hook '/home/nicklas/Documents/DAS_kandidate/IDT_SilvanDrone/module10_mission_upload/install/idt/share/idt/hook/pythonpath.sh'
[1.503s] Level 1:colcon.colcon_core.environment:checking '/home/nicklas/Documents/DAS_kandidate/IDT_SilvanDrone/module10_mission_upload/install/idt/bin'
[1.503s] Level 1:colcon.colcon_core.environment:create_environment_scripts_only(idt)
[1.503s] INFO:colcon.colcon_core.shell:Creating package script '/home/nicklas/Documents/DAS_kandidate/IDT_SilvanDrone/module10_mission_upload/install/idt/share/idt/package.ps1'
[1.505s] INFO:colcon.colcon_core.shell:Creating package descriptor '/home/nicklas/Documents/DAS_kandidate/IDT_SilvanDrone/module10_mission_upload/install/idt/share/idt/package.dsv'
[1.505s] INFO:colcon.colcon_core.shell:Creating package script '/home/nicklas/Documents/DAS_kandidate/IDT_SilvanDrone/module10_mission_upload/install/idt/share/idt/package.sh'
[1.506s] INFO:colcon.colcon_core.shell:Creating package script '/home/nicklas/Documents/DAS_kandidate/IDT_SilvanDrone/module10_mission_upload/install/idt/share/idt/package.bash'
[1.507s] INFO:colcon.colcon_core.shell:Creating package script '/home/nicklas/Documents/DAS_kandidate/IDT_SilvanDrone/module10_mission_upload/install/idt/share/idt/package.zsh'
[1.508s] Level 1:colcon.colcon_core.environment:create_file_with_runtime_dependencies(/home/nicklas/Documents/DAS_kandidate/IDT_SilvanDrone/module10_mission_upload/install/idt/share/colcon-core/packages/idt)
[1.508s] DEBUG:colcon.colcon_parallel_executor.executor.parallel:closing loop
[1.508s] DEBUG:colcon.colcon_parallel_executor.executor.parallel:loop closed
[1.509s] DEBUG:colcon.colcon_parallel_executor.executor.parallel:run_until_complete finished with '0'
[1.509s] DEBUG:colcon.colcon_core.event_reactor:joining thread
[1.535s] INFO:colcon.colcon_core.plugin_system:Skipping extension 'colcon_notification.desktop_notification.terminal_notifier': Not used on non-Darwin systems
[1.535s] INFO:colcon.colcon_core.plugin_system:Skipping extension 'colcon_notification.desktop_notification.win32': Not used on non-Windows systems
[1.535s] INFO:colcon.colcon_notification.desktop_notification:Sending desktop notification using 'notify2'
[1.559s] DEBUG:colcon.colcon_core.event_reactor:joined thread
[1.560s] INFO:colcon.colcon_core.shell:Creating prefix script '/home/nicklas/Documents/DAS_kandidate/IDT_SilvanDrone/module10_mission_upload/install/local_setup.ps1'
[1.562s] INFO:colcon.colcon_core.shell:Creating prefix util module '/home/nicklas/Documents/DAS_kandidate/IDT_SilvanDrone/module10_mission_upload/install/_local_setup_util_ps1.py'
[1.565s] INFO:colcon.colcon_core.shell:Creating prefix chain script '/home/nicklas/Documents/DAS_kandidate/IDT_SilvanDrone/module10_mission_upload/install/setup.ps1'
[1.566s] INFO:colcon.colcon_core.shell:Creating prefix script '/home/nicklas/Documents/DAS_kandidate/IDT_SilvanDrone/module10_mission_upload/install/local_setup.sh'
[1.568s] INFO:colcon.colcon_core.shell:Creating prefix util module '/home/nicklas/Documents/DAS_kandidate/IDT_SilvanDrone/module10_mission_upload/install/_local_setup_util_sh.py'
[1.568s] INFO:colcon.colcon_core.shell:Creating prefix chain script '/home/nicklas/Documents/DAS_kandidate/IDT_SilvanDrone/module10_mission_upload/install/setup.sh'
[1.570s] INFO:colcon.colcon_core.shell:Creating prefix script '/home/nicklas/Documents/DAS_kandidate/IDT_SilvanDrone/module10_mission_upload/install/local_setup.bash'
[1.571s] INFO:colcon.colcon_core.shell:Creating prefix chain script '/home/nicklas/Documents/DAS_kandidate/IDT_SilvanDrone/module10_mission_upload/install/setup.bash'
[1.572s] INFO:colcon.colcon_core.shell:Creating prefix script '/home/nicklas/Documents/DAS_kandidate/IDT_SilvanDrone/module10_mission_upload/install/local_setup.zsh'
[1.572s] INFO:colcon.colcon_core.shell:Creating prefix chain script '/home/nicklas/Documents/DAS_kandidate/IDT_SilvanDrone/module10_mission_upload/install/setup.zsh'
