[0.702s] DEBUG:colcon:Command line arguments: ['/usr/bin/colcon', 'build']
[0.702s] DEBUG:colcon:Parsed command line arguments: Namespace(allow_overriding=[], ament_cmake_args=None, base_paths=['.'], build_base='build', catkin_cmake_args=None, catkin_skip_building_tests=False, cmake_args=None, cmake_clean_cache=False, cmake_clean_first=False, cmake_force_configure=False, cmake_target=None, cmake_target_skip_unavailable=False, continue_on_error=False, event_handlers=None, executor='parallel', ignore_user_meta=False, install_base='install', log_base=None, log_level=None, main=<bound method BuildVerb.main of <colcon_core.verb.build.BuildVerb object at 0x7fbf3dfbddf0>>, merge_install=False, metas=['./colcon.meta'], mixin=None, mixin_files=None, mixin_verb=('build',), packages_above=None, packages_above_and_dependencies=None, packages_above_depth=None, packages_end=None, packages_ignore=None, packages_ignore_regex=None, packages_select=None, packages_select_build_failed=False, packages_select_by_dep=None, packages_select_regex=None, packages_select_test_failures=False, packages_skip=None, packages_skip_build_finished=False, packages_skip_by_dep=None, packages_skip_regex=None, packages_skip_test_passed=False, packages_skip_up_to=None, packages_start=None, packages_up_to=None, packages_up_to_regex=None, parallel_workers=12, paths=None, symlink_install=False, test_result_base=None, verb_extension=<colcon_core.verb.build.BuildVerb object at 0x7fbf3dfbddf0>, verb_name='build', verb_parser=<colcon_mixin.mixin.mixin_argument.MixinArgumentDecorator object at 0x7fbf3df6d550>)
[0.888s] Level 1:colcon.colcon_core.package_discovery:discover_packages(colcon_meta) check parameters
[0.888s] Level 1:colcon.colcon_core.package_discovery:discover_packages(recursive) check parameters
[0.888s] Level 1:colcon.colcon_core.package_discovery:discover_packages(ignore) check parameters
[0.888s] Level 1:colcon.colcon_core.package_discovery:discover_packages(path) check parameters
[0.888s] Level 1:colcon.colcon_core.package_discovery:discover_packages(colcon_meta) discover
[0.888s] Level 1:colcon.colcon_core.package_discovery:discover_packages(recursive) discover
[0.888s] INFO:colcon.colcon_core.package_discovery:Crawling recursively for packages in '/home/nicklas/Documents/DAS_kandidate/IDT_SilvanDrone/idt_ros2_nodes'
[0.889s] Level 1:colcon.colcon_core.package_identification:_identify(.) by extensions ['ignore', 'ignore_ament_install']
[0.889s] Level 1:colcon.colcon_core.package_identification:_identify(.) by extension 'ignore'
[0.889s] Level 1:colcon.colcon_core.package_identification:_identify(.) by extension 'ignore_ament_install'
[0.889s] Level 1:colcon.colcon_core.package_identification:_identify(.) by extensions ['colcon_pkg']
[0.889s] Level 1:colcon.colcon_core.package_identification:_identify(.) by extension 'colcon_pkg'
[0.889s] Level 1:colcon.colcon_core.package_identification:_identify(.) by extensions ['colcon_meta']
[0.889s] Level 1:colcon.colcon_core.package_identification:_identify(.) by extension 'colcon_meta'
[0.889s] Level 1:colcon.colcon_core.package_identification:_identify(.) by extensions ['ros']
[0.889s] Level 1:colcon.colcon_core.package_identification:_identify(.) by extension 'ros'
[0.910s] Level 1:colcon.colcon_core.package_identification:_identify(.) by extensions ['cmake', 'python']
[0.910s] Level 1:colcon.colcon_core.package_identification:_identify(.) by extension 'cmake'
[0.910s] Level 1:colcon.colcon_core.package_identification:_identify(.) by extension 'python'
[0.910s] Level 1:colcon.colcon_core.package_identification:_identify(.) by extensions ['python_setup_py']
[0.910s] Level 1:colcon.colcon_core.package_identification:_identify(.) by extension 'python_setup_py'
[0.910s] Level 1:colcon.colcon_core.package_identification:_identify(build) by extensions ['ignore', 'ignore_ament_install']
[0.910s] Level 1:colcon.colcon_core.package_identification:_identify(build) by extension 'ignore'
[0.910s] Level 1:colcon.colcon_core.package_identification:_identify(build) ignored
[0.910s] Level 1:colcon.colcon_core.package_identification:_identify(install) by extensions ['ignore', 'ignore_ament_install']
[0.911s] Level 1:colcon.colcon_core.package_identification:_identify(install) by extension 'ignore'
[0.911s] Level 1:colcon.colcon_core.package_identification:_identify(install) ignored
[0.911s] Level 1:colcon.colcon_core.package_identification:_identify(log) by extensions ['ignore', 'ignore_ament_install']
[0.911s] Level 1:colcon.colcon_core.package_identification:_identify(log) by extension 'ignore'
[0.911s] Level 1:colcon.colcon_core.package_identification:_identify(log) ignored
[0.911s] Level 1:colcon.colcon_core.package_identification:_identify(src) by extensions ['ignore', 'ignore_ament_install']
[0.911s] Level 1:colcon.colcon_core.package_identification:_identify(src) by extension 'ignore'
[0.911s] Level 1:colcon.colcon_core.package_identification:_identify(src) by extension 'ignore_ament_install'
[0.911s] Level 1:colcon.colcon_core.package_identification:_identify(src) by extensions ['colcon_pkg']
[0.911s] Level 1:colcon.colcon_core.package_identification:_identify(src) by extension 'colcon_pkg'
[0.911s] Level 1:colcon.colcon_core.package_identification:_identify(src) by extensions ['colcon_meta']
[0.911s] Level 1:colcon.colcon_core.package_identification:_identify(src) by extension 'colcon_meta'
[0.911s] Level 1:colcon.colcon_core.package_identification:_identify(src) by extensions ['ros']
[0.911s] Level 1:colcon.colcon_core.package_identification:_identify(src) by extension 'ros'
[0.911s] Level 1:colcon.colcon_core.package_identification:_identify(src) by extensions ['cmake', 'python']
[0.911s] Level 1:colcon.colcon_core.package_identification:_identify(src) by extension 'cmake'
[0.911s] Level 1:colcon.colcon_core.package_identification:_identify(src) by extension 'python'
[0.911s] Level 1:colcon.colcon_core.package_identification:_identify(src) by extensions ['python_setup_py']
[0.911s] Level 1:colcon.colcon_core.package_identification:_identify(src) by extension 'python_setup_py'
[0.911s] Level 1:colcon.colcon_core.package_identification:_identify(src/idt) by extensions ['ignore', 'ignore_ament_install']
[0.911s] Level 1:colcon.colcon_core.package_identification:_identify(src/idt) by extension 'ignore'
[0.911s] Level 1:colcon.colcon_core.package_identification:_identify(src/idt) by extension 'ignore_ament_install'
[0.912s] Level 1:colcon.colcon_core.package_identification:_identify(src/idt) by extensions ['colcon_pkg']
[0.912s] Level 1:colcon.colcon_core.package_identification:_identify(src/idt) by extension 'colcon_pkg'
[0.912s] Level 1:colcon.colcon_core.package_identification:_identify(src/idt) by extensions ['colcon_meta']
[0.912s] Level 1:colcon.colcon_core.package_identification:_identify(src/idt) by extension 'colcon_meta'
[0.912s] Level 1:colcon.colcon_core.package_identification:_identify(src/idt) by extensions ['ros']
[0.912s] Level 1:colcon.colcon_core.package_identification:_identify(src/idt) by extension 'ros'
[0.915s] DEBUG:colcon.colcon_core.package_identification:Package 'src/idt' with type 'ros.ament_python' and name 'idt'
[0.916s] Level 1:colcon.colcon_core.package_discovery:discover_packages(recursive) using defaults
[0.916s] Level 1:colcon.colcon_core.package_discovery:discover_packages(ignore) discover
[0.916s] Level 1:colcon.colcon_core.package_discovery:discover_packages(ignore) using defaults
[0.916s] Level 1:colcon.colcon_core.package_discovery:discover_packages(path) discover
[0.916s] Level 1:colcon.colcon_core.package_discovery:discover_packages(path) using defaults
[0.946s] Level 1:colcon.colcon_core.package_discovery:discover_packages(prefix_path) check parameters
[0.946s] Level 1:colcon.colcon_core.package_discovery:discover_packages(prefix_path) discover
[0.949s] Level 1:colcon.colcon_core.package_discovery:discover_packages(prefix_path) using defaults
[0.952s] Level 5:colcon.colcon_core.verb:set package 'idt' build argument 'cmake_args' from command line to 'None'
[0.952s] Level 5:colcon.colcon_core.verb:set package 'idt' build argument 'cmake_target' from command line to 'None'
[0.952s] Level 5:colcon.colcon_core.verb:set package 'idt' build argument 'cmake_target_skip_unavailable' from command line to 'False'
[0.952s] Level 5:colcon.colcon_core.verb:set package 'idt' build argument 'cmake_clean_cache' from command line to 'False'
[0.952s] Level 5:colcon.colcon_core.verb:set package 'idt' build argument 'cmake_clean_first' from command line to 'False'
[0.952s] Level 5:colcon.colcon_core.verb:set package 'idt' build argument 'cmake_force_configure' from command line to 'False'
[0.952s] Level 5:colcon.colcon_core.verb:set package 'idt' build argument 'ament_cmake_args' from command line to 'None'
[0.952s] Level 5:colcon.colcon_core.verb:set package 'idt' build argument 'catkin_cmake_args' from command line to 'None'
[0.952s] Level 5:colcon.colcon_core.verb:set package 'idt' build argument 'catkin_skip_building_tests' from command line to 'False'
[0.953s] DEBUG:colcon.colcon_core.verb:Building package 'idt' with the following arguments: {'ament_cmake_args': None, 'build_base': '/home/nicklas/Documents/DAS_kandidate/IDT_SilvanDrone/idt_ros2_nodes/build/idt', 'catkin_cmake_args': None, 'catkin_skip_building_tests': False, 'cmake_args': None, 'cmake_clean_cache': False, 'cmake_clean_first': False, 'cmake_force_configure': False, 'cmake_target': None, 'cmake_target_skip_unavailable': False, 'install_base': '/home/nicklas/Documents/DAS_kandidate/IDT_SilvanDrone/idt_ros2_nodes/install/idt', 'merge_install': False, 'path': '/home/nicklas/Documents/DAS_kandidate/IDT_SilvanDrone/idt_ros2_nodes/src/idt', 'symlink_install': False, 'test_result_base': None}
[0.953s] INFO:colcon.colcon_core.executor:Executing jobs using 'parallel' executor
[0.955s] DEBUG:colcon.colcon_parallel_executor.executor.parallel:run_until_complete
[0.955s] INFO:colcon.colcon_ros.task.ament_python.build:Building ROS package in '/home/nicklas/Documents/DAS_kandidate/IDT_SilvanDrone/idt_ros2_nodes/src/idt' with build type 'ament_python'
[0.956s] Level 1:colcon.colcon_core.shell:create_environment_hook('idt', 'ament_prefix_path')
[0.967s] INFO:colcon.colcon_core.plugin_system:Skipping extension 'colcon_core.shell.bat': Not used on non-Windows systems
[0.967s] INFO:colcon.colcon_core.shell:Creating environment hook '/home/nicklas/Documents/DAS_kandidate/IDT_SilvanDrone/idt_ros2_nodes/install/idt/share/idt/hook/ament_prefix_path.ps1'
[0.969s] INFO:colcon.colcon_core.shell:Creating environment descriptor '/home/nicklas/Documents/DAS_kandidate/IDT_SilvanDrone/idt_ros2_nodes/install/idt/share/idt/hook/ament_prefix_path.dsv'
[0.971s] INFO:colcon.colcon_core.shell:Creating environment hook '/home/nicklas/Documents/DAS_kandidate/IDT_SilvanDrone/idt_ros2_nodes/install/idt/share/idt/hook/ament_prefix_path.sh'
[0.973s] INFO:colcon.colcon_core.shell:Skip shell extension 'powershell' for command environment: Not usable outside of PowerShell
[0.973s] DEBUG:colcon.colcon_core.shell:Skip shell extension 'dsv' for command environment
[1.209s] INFO:colcon.colcon_core.task.python.build:Building Python package in '/home/nicklas/Documents/DAS_kandidate/IDT_SilvanDrone/idt_ros2_nodes/src/idt'
[1.209s] INFO:colcon.colcon_core.shell:Skip shell extension 'powershell' for command environment: Not usable outside of PowerShell
[1.209s] DEBUG:colcon.colcon_core.shell:Skip shell extension 'dsv' for command environment
[1.762s] DEBUG:colcon.colcon_core.event_handler.log_command:Invoking command in '/home/nicklas/Documents/DAS_kandidate/IDT_SilvanDrone/idt_ros2_nodes/src/idt': PYTHONPATH=/home/nicklas/Documents/DAS_kandidate/IDT_SilvanDrone/idt_ros2_nodes/build/idt/prefix_override:/usr/lib/python3/dist-packages/colcon_core/task/python/colcon_distutils_commands:/home/nicklas/Documents/DAS_kandidate/IDT_SilvanDrone/idt_ros2_nodes/install/idt/lib/python3.8/site-packages: _=/usr/bin/env /usr/bin/python3 -W ignore:setup.py install is deprecated setup.py egg_info --egg-base ../../build/idt build --build-base /home/nicklas/Documents/DAS_kandidate/IDT_SilvanDrone/idt_ros2_nodes/build/idt/build install --record /home/nicklas/Documents/DAS_kandidate/IDT_SilvanDrone/idt_ros2_nodes/build/idt/install.log --single-version-externally-managed install_data
[2.075s] DEBUG:colcon.colcon_core.event_handler.log_command:Invoked command in '/home/nicklas/Documents/DAS_kandidate/IDT_SilvanDrone/idt_ros2_nodes/src/idt' returned '0': PYTHONPATH=/home/nicklas/Documents/DAS_kandidate/IDT_SilvanDrone/idt_ros2_nodes/build/idt/prefix_override:/usr/lib/python3/dist-packages/colcon_core/task/python/colcon_distutils_commands:/home/nicklas/Documents/DAS_kandidate/IDT_SilvanDrone/idt_ros2_nodes/install/idt/lib/python3.8/site-packages: _=/usr/bin/env /usr/bin/python3 -W ignore:setup.py install is deprecated setup.py egg_info --egg-base ../../build/idt build --build-base /home/nicklas/Documents/DAS_kandidate/IDT_SilvanDrone/idt_ros2_nodes/build/idt/build install --record /home/nicklas/Documents/DAS_kandidate/IDT_SilvanDrone/idt_ros2_nodes/build/idt/install.log --single-version-externally-managed install_data
[2.089s] Level 1:colcon.colcon_core.environment:checking '/home/nicklas/Documents/DAS_kandidate/IDT_SilvanDrone/idt_ros2_nodes/install/idt' for CMake module files
[2.090s] Level 1:colcon.colcon_core.environment:checking '/home/nicklas/Documents/DAS_kandidate/IDT_SilvanDrone/idt_ros2_nodes/install/idt' for CMake config files
[2.095s] Level 1:colcon.colcon_core.environment:checking '/home/nicklas/Documents/DAS_kandidate/IDT_SilvanDrone/idt_ros2_nodes/install/idt/lib'
[2.095s] Level 1:colcon.colcon_core.environment:checking '/home/nicklas/Documents/DAS_kandidate/IDT_SilvanDrone/idt_ros2_nodes/install/idt/bin'
[2.095s] Level 1:colcon.colcon_core.environment:checking '/home/nicklas/Documents/DAS_kandidate/IDT_SilvanDrone/idt_ros2_nodes/install/idt/lib/pkgconfig/idt.pc'
[2.095s] Level 1:colcon.colcon_core.environment:checking '/home/nicklas/Documents/DAS_kandidate/IDT_SilvanDrone/idt_ros2_nodes/install/idt/lib/python3.8/site-packages'
[2.095s] Level 1:colcon.colcon_core.shell:create_environment_hook('idt', 'pythonpath')
[2.096s] INFO:colcon.colcon_core.shell:Creating environment hook '/home/nicklas/Documents/DAS_kandidate/IDT_SilvanDrone/idt_ros2_nodes/install/idt/share/idt/hook/pythonpath.ps1'
[2.096s] INFO:colcon.colcon_core.shell:Creating environment descriptor '/home/nicklas/Documents/DAS_kandidate/IDT_SilvanDrone/idt_ros2_nodes/install/idt/share/idt/hook/pythonpath.dsv'
[2.096s] INFO:colcon.colcon_core.shell:Creating environment hook '/home/nicklas/Documents/DAS_kandidate/IDT_SilvanDrone/idt_ros2_nodes/install/idt/share/idt/hook/pythonpath.sh'
[2.097s] Level 1:colcon.colcon_core.environment:checking '/home/nicklas/Documents/DAS_kandidate/IDT_SilvanDrone/idt_ros2_nodes/install/idt/bin'
[2.097s] Level 1:colcon.colcon_core.environment:create_environment_scripts_only(idt)
[2.097s] INFO:colcon.colcon_core.shell:Creating package script '/home/nicklas/Documents/DAS_kandidate/IDT_SilvanDrone/idt_ros2_nodes/install/idt/share/idt/package.ps1'
[2.099s] INFO:colcon.colcon_core.shell:Creating package descriptor '/home/nicklas/Documents/DAS_kandidate/IDT_SilvanDrone/idt_ros2_nodes/install/idt/share/idt/package.dsv'
[2.099s] INFO:colcon.colcon_core.shell:Creating package script '/home/nicklas/Documents/DAS_kandidate/IDT_SilvanDrone/idt_ros2_nodes/install/idt/share/idt/package.sh'
[2.100s] INFO:colcon.colcon_core.shell:Creating package script '/home/nicklas/Documents/DAS_kandidate/IDT_SilvanDrone/idt_ros2_nodes/install/idt/share/idt/package.bash'
[2.102s] INFO:colcon.colcon_core.shell:Creating package script '/home/nicklas/Documents/DAS_kandidate/IDT_SilvanDrone/idt_ros2_nodes/install/idt/share/idt/package.zsh'
[2.103s] Level 1:colcon.colcon_core.environment:create_file_with_runtime_dependencies(/home/nicklas/Documents/DAS_kandidate/IDT_SilvanDrone/idt_ros2_nodes/install/idt/share/colcon-core/packages/idt)
[2.104s] DEBUG:colcon.colcon_parallel_executor.executor.parallel:closing loop
[2.104s] DEBUG:colcon.colcon_parallel_executor.executor.parallel:loop closed
[2.105s] DEBUG:colcon.colcon_parallel_executor.executor.parallel:run_until_complete finished with '0'
[2.105s] DEBUG:colcon.colcon_core.event_reactor:joining thread
[2.145s] INFO:colcon.colcon_core.plugin_system:Skipping extension 'colcon_notification.desktop_notification.terminal_notifier': Not used on non-Darwin systems
[2.145s] INFO:colcon.colcon_core.plugin_system:Skipping extension 'colcon_notification.desktop_notification.win32': Not used on non-Windows systems
[2.145s] INFO:colcon.colcon_notification.desktop_notification:Sending desktop notification using 'notify2'
[2.178s] DEBUG:colcon.colcon_core.event_reactor:joined thread
[2.179s] INFO:colcon.colcon_core.shell:Creating prefix script '/home/nicklas/Documents/DAS_kandidate/IDT_SilvanDrone/idt_ros2_nodes/install/local_setup.ps1'
[2.182s] INFO:colcon.colcon_core.shell:Creating prefix util module '/home/nicklas/Documents/DAS_kandidate/IDT_SilvanDrone/idt_ros2_nodes/install/_local_setup_util_ps1.py'
[2.185s] INFO:colcon.colcon_core.shell:Creating prefix chain script '/home/nicklas/Documents/DAS_kandidate/IDT_SilvanDrone/idt_ros2_nodes/install/setup.ps1'
[2.187s] INFO:colcon.colcon_core.shell:Creating prefix script '/home/nicklas/Documents/DAS_kandidate/IDT_SilvanDrone/idt_ros2_nodes/install/local_setup.sh'
[2.188s] INFO:colcon.colcon_core.shell:Creating prefix util module '/home/nicklas/Documents/DAS_kandidate/IDT_SilvanDrone/idt_ros2_nodes/install/_local_setup_util_sh.py'
[2.189s] INFO:colcon.colcon_core.shell:Creating prefix chain script '/home/nicklas/Documents/DAS_kandidate/IDT_SilvanDrone/idt_ros2_nodes/install/setup.sh'
[2.191s] INFO:colcon.colcon_core.shell:Creating prefix script '/home/nicklas/Documents/DAS_kandidate/IDT_SilvanDrone/idt_ros2_nodes/install/local_setup.bash'
[2.192s] INFO:colcon.colcon_core.shell:Creating prefix chain script '/home/nicklas/Documents/DAS_kandidate/IDT_SilvanDrone/idt_ros2_nodes/install/setup.bash'
[2.193s] INFO:colcon.colcon_core.shell:Creating prefix script '/home/nicklas/Documents/DAS_kandidate/IDT_SilvanDrone/idt_ros2_nodes/install/local_setup.zsh'
[2.194s] INFO:colcon.colcon_core.shell:Creating prefix chain script '/home/nicklas/Documents/DAS_kandidate/IDT_SilvanDrone/idt_ros2_nodes/install/setup.zsh'
