[0.643s] Invoking command in '/home/nicklas/Documents/DAS_kandidate/IDT_SilvanDrone/module10_mission_upload/src/idt': PYTHONPATH=/home/nicklas/Documents/DAS_kandidate/IDT_SilvanDrone/module10_mission_upload/build/idt/prefix_override:/usr/lib/python3/dist-packages/colcon_core/task/python/colcon_distutils_commands:/home/nicklas/Documents/DAS_kandidate/IDT_SilvanDrone/module10_mission_upload/install/idt/lib/python3.8/site-packages: _=/usr/bin/env /usr/bin/python3 -W ignore:setup.py install is deprecated setup.py egg_info --egg-base ../../build/idt build --build-base /home/nicklas/Documents/DAS_kandidate/IDT_SilvanDrone/module10_mission_upload/build/idt/build install --record /home/nicklas/Documents/DAS_kandidate/IDT_SilvanDrone/module10_mission_upload/build/idt/install.log --single-version-externally-managed install_data
[0.820s] running egg_info
[0.820s] creating ../../build/idt/idt.egg-info
[0.820s] writing ../../build/idt/idt.egg-info/PKG-INFO
[0.821s] writing dependency_links to ../../build/idt/idt.egg-info/dependency_links.txt
[0.821s] writing entry points to ../../build/idt/idt.egg-info/entry_points.txt
[0.821s] writing requirements to ../../build/idt/idt.egg-info/requires.txt
[0.821s] writing top-level names to ../../build/idt/idt.egg-info/top_level.txt
[0.824s] writing manifest file '../../build/idt/idt.egg-info/SOURCES.txt'
[0.851s] reading manifest file '../../build/idt/idt.egg-info/SOURCES.txt'
[0.852s] writing manifest file '../../build/idt/idt.egg-info/SOURCES.txt'
[0.852s] running build
[0.852s] running build_py
[0.852s] creating /home/nicklas/Documents/DAS_kandidate/IDT_SilvanDrone/module10_mission_upload/build/idt/build
[0.852s] creating /home/nicklas/Documents/DAS_kandidate/IDT_SilvanDrone/module10_mission_upload/build/idt/build/lib
[0.852s] creating /home/nicklas/Documents/DAS_kandidate/IDT_SilvanDrone/module10_mission_upload/build/idt/build/lib/idt
[0.852s] copying idt/__init__.py -> /home/nicklas/Documents/DAS_kandidate/IDT_SilvanDrone/module10_mission_upload/build/idt/build/lib/idt
[0.853s] copying idt/get_global_pos.py -> /home/nicklas/Documents/DAS_kandidate/IDT_SilvanDrone/module10_mission_upload/build/idt/build/lib/idt
[0.853s] copying idt/hello_drone.py -> /home/nicklas/Documents/DAS_kandidate/IDT_SilvanDrone/module10_mission_upload/build/idt/build/lib/idt
[0.853s] copying idt/upload_mission.py -> /home/nicklas/Documents/DAS_kandidate/IDT_SilvanDrone/module10_mission_upload/build/idt/build/lib/idt
[0.853s] running install
[0.854s] running install_lib
[0.854s] creating /home/nicklas/Documents/DAS_kandidate/IDT_SilvanDrone/module10_mission_upload/install/idt/lib/python3.8/site-packages/idt
[0.855s] copying /home/nicklas/Documents/DAS_kandidate/IDT_SilvanDrone/module10_mission_upload/build/idt/build/lib/idt/__init__.py -> /home/nicklas/Documents/DAS_kandidate/IDT_SilvanDrone/module10_mission_upload/install/idt/lib/python3.8/site-packages/idt
[0.855s] copying /home/nicklas/Documents/DAS_kandidate/IDT_SilvanDrone/module10_mission_upload/build/idt/build/lib/idt/get_global_pos.py -> /home/nicklas/Documents/DAS_kandidate/IDT_SilvanDrone/module10_mission_upload/install/idt/lib/python3.8/site-packages/idt
[0.855s] copying /home/nicklas/Documents/DAS_kandidate/IDT_SilvanDrone/module10_mission_upload/build/idt/build/lib/idt/hello_drone.py -> /home/nicklas/Documents/DAS_kandidate/IDT_SilvanDrone/module10_mission_upload/install/idt/lib/python3.8/site-packages/idt
[0.855s] copying /home/nicklas/Documents/DAS_kandidate/IDT_SilvanDrone/module10_mission_upload/build/idt/build/lib/idt/upload_mission.py -> /home/nicklas/Documents/DAS_kandidate/IDT_SilvanDrone/module10_mission_upload/install/idt/lib/python3.8/site-packages/idt
[0.855s] byte-compiling /home/nicklas/Documents/DAS_kandidate/IDT_SilvanDrone/module10_mission_upload/install/idt/lib/python3.8/site-packages/idt/__init__.py to __init__.cpython-38.pyc
[0.856s] byte-compiling /home/nicklas/Documents/DAS_kandidate/IDT_SilvanDrone/module10_mission_upload/install/idt/lib/python3.8/site-packages/idt/get_global_pos.py to get_global_pos.cpython-38.pyc
[0.857s] byte-compiling /home/nicklas/Documents/DAS_kandidate/IDT_SilvanDrone/module10_mission_upload/install/idt/lib/python3.8/site-packages/idt/hello_drone.py to hello_drone.cpython-38.pyc
[0.858s] byte-compiling /home/nicklas/Documents/DAS_kandidate/IDT_SilvanDrone/module10_mission_upload/install/idt/lib/python3.8/site-packages/idt/upload_mission.py to upload_mission.cpython-38.pyc
[0.858s] running install_data
[0.859s] creating /home/nicklas/Documents/DAS_kandidate/IDT_SilvanDrone/module10_mission_upload/install/idt/share/ament_index
[0.859s] creating /home/nicklas/Documents/DAS_kandidate/IDT_SilvanDrone/module10_mission_upload/install/idt/share/ament_index/resource_index
[0.859s] creating /home/nicklas/Documents/DAS_kandidate/IDT_SilvanDrone/module10_mission_upload/install/idt/share/ament_index/resource_index/packages
[0.859s] copying resource/idt -> /home/nicklas/Documents/DAS_kandidate/IDT_SilvanDrone/module10_mission_upload/install/idt/share/ament_index/resource_index/packages
[0.859s] copying package.xml -> /home/nicklas/Documents/DAS_kandidate/IDT_SilvanDrone/module10_mission_upload/install/idt/share/idt
[0.859s] running install_egg_info
[0.860s] Copying ../../build/idt/idt.egg-info to /home/nicklas/Documents/DAS_kandidate/IDT_SilvanDrone/module10_mission_upload/install/idt/lib/python3.8/site-packages/idt-0.1.0-py3.8.egg-info
[0.861s] running install_scripts
[0.875s] Installing get_global_pos script to /home/nicklas/Documents/DAS_kandidate/IDT_SilvanDrone/module10_mission_upload/install/idt/lib/idt
[0.875s] Installing hello_drone script to /home/nicklas/Documents/DAS_kandidate/IDT_SilvanDrone/module10_mission_upload/install/idt/lib/idt
[0.875s] Installing upload_mission script to /home/nicklas/Documents/DAS_kandidate/IDT_SilvanDrone/module10_mission_upload/install/idt/lib/idt
[0.875s] writing list of installed files to '/home/nicklas/Documents/DAS_kandidate/IDT_SilvanDrone/module10_mission_upload/build/idt/install.log'
[0.901s] Invoked command in '/home/nicklas/Documents/DAS_kandidate/IDT_SilvanDrone/module10_mission_upload/src/idt' returned '0': PYTHONPATH=/home/nicklas/Documents/DAS_kandidate/IDT_SilvanDrone/module10_mission_upload/build/idt/prefix_override:/usr/lib/python3/dist-packages/colcon_core/task/python/colcon_distutils_commands:/home/nicklas/Documents/DAS_kandidate/IDT_SilvanDrone/module10_mission_upload/install/idt/lib/python3.8/site-packages: _=/usr/bin/env /usr/bin/python3 -W ignore:setup.py install is deprecated setup.py egg_info --egg-base ../../build/idt build --build-base /home/nicklas/Documents/DAS_kandidate/IDT_SilvanDrone/module10_mission_upload/build/idt/build install --record /home/nicklas/Documents/DAS_kandidate/IDT_SilvanDrone/module10_mission_upload/build/idt/install.log --single-version-externally-managed install_data
