/home/nicklas/Documents/DAS_kandidate/IDT_SilvanDrone/module10_mission_upload/install/idt/lib/python3.8/site-packages/idt/__init__.py
/home/nicklas/Documents/DAS_kandidate/IDT_SilvanDrone/module10_mission_upload/install/idt/lib/python3.8/site-packages/idt/get_global_pos.py
/home/nicklas/Documents/DAS_kandidate/IDT_SilvanDrone/module10_mission_upload/install/idt/lib/python3.8/site-packages/idt/hello_drone.py
/home/nicklas/Documents/DAS_kandidate/IDT_SilvanDrone/module10_mission_upload/install/idt/lib/python3.8/site-packages/idt/upload_mission.py
/home/nicklas/Documents/DAS_kandidate/IDT_SilvanDrone/module10_mission_upload/install/idt/lib/python3.8/site-packages/idt/__pycache__/__init__.cpython-38.pyc
/home/nicklas/Documents/DAS_kandidate/IDT_SilvanDrone/module10_mission_upload/install/idt/lib/python3.8/site-packages/idt/__pycache__/get_global_pos.cpython-38.pyc
/home/nicklas/Documents/DAS_kandidate/IDT_SilvanDrone/module10_mission_upload/install/idt/lib/python3.8/site-packages/idt/__pycache__/hello_drone.cpython-38.pyc
/home/nicklas/Documents/DAS_kandidate/IDT_SilvanDrone/module10_mission_upload/install/idt/lib/python3.8/site-packages/idt/__pycache__/upload_mission.cpython-38.pyc
/home/nicklas/Documents/DAS_kandidate/IDT_SilvanDrone/module10_mission_upload/install/idt/share/ament_index/resource_index/packages/idt
/home/nicklas/Documents/DAS_kandidate/IDT_SilvanDrone/module10_mission_upload/install/idt/share/idt/package.xml
/home/nicklas/Documents/DAS_kandidate/IDT_SilvanDrone/module10_mission_upload/install/idt/lib/python3.8/site-packages/idt-0.1.0-py3.8.egg-info/zip-safe
/home/nicklas/Documents/DAS_kandidate/IDT_SilvanDrone/module10_mission_upload/install/idt/lib/python3.8/site-packages/idt-0.1.0-py3.8.egg-info/SOURCES.txt
/home/nicklas/Documents/DAS_kandidate/IDT_SilvanDrone/module10_mission_upload/install/idt/lib/python3.8/site-packages/idt-0.1.0-py3.8.egg-info/PKG-INFO
/home/nicklas/Documents/DAS_kandidate/IDT_SilvanDrone/module10_mission_upload/install/idt/lib/python3.8/site-packages/idt-0.1.0-py3.8.egg-info/requires.txt
/home/nicklas/Documents/DAS_kandidate/IDT_SilvanDrone/module10_mission_upload/install/idt/lib/python3.8/site-packages/idt-0.1.0-py3.8.egg-info/dependency_links.txt
/home/nicklas/Documents/DAS_kandidate/IDT_SilvanDrone/module10_mission_upload/install/idt/lib/python3.8/site-packages/idt-0.1.0-py3.8.egg-info/top_level.txt
/home/nicklas/Documents/DAS_kandidate/IDT_SilvanDrone/module10_mission_upload/install/idt/lib/python3.8/site-packages/idt-0.1.0-py3.8.egg-info/entry_points.txt
/home/nicklas/Documents/DAS_kandidate/IDT_SilvanDrone/module10_mission_upload/install/idt/lib/idt/get_global_pos
/home/nicklas/Documents/DAS_kandidate/IDT_SilvanDrone/module10_mission_upload/install/idt/lib/idt/hello_drone
/home/nicklas/Documents/DAS_kandidate/IDT_SilvanDrone/module10_mission_upload/install/idt/lib/idt/upload_mission
