[0.199s] DEBUG:colcon:Command line arguments: ['/usr/bin/colcon', 'build']
[0.199s] DEBUG:colcon:Parsed command line arguments: Namespace(allow_overriding=[], ament_cmake_args=None, base_paths=['.'], build_base='build', catkin_cmake_args=None, catkin_skip_building_tests=False, cmake_args=None, cmake_clean_cache=False, cmake_clean_first=False, cmake_force_configure=False, cmake_target=None, cmake_target_skip_unavailable=False, continue_on_error=False, event_handlers=None, executor='parallel', ignore_user_meta=False, install_base='install', log_base=None, log_level=None, main=<bound method BuildVerb.main of <colcon_core.verb.build.BuildVerb object at 0x7f97f7ffaaf0>>, merge_install=False, metas=['./colcon.meta'], mixin=None, mixin_files=None, mixin_verb=('build',), packages_above=None, packages_above_and_dependencies=None, packages_above_depth=None, packages_end=None, packages_ignore=None, packages_ignore_regex=None, packages_select=None, packages_select_build_failed=False, packages_select_by_dep=None, packages_select_regex=None, packages_select_test_failures=False, packages_skip=None, packages_skip_build_finished=False, packages_skip_by_dep=None, packages_skip_regex=None, packages_skip_test_passed=False, packages_skip_up_to=None, packages_start=None, packages_up_to=None, packages_up_to_regex=None, parallel_workers=12, paths=None, symlink_install=False, test_result_base=None, verb_extension=<colcon_core.verb.build.BuildVerb object at 0x7f97f7ffaaf0>, verb_name='build', verb_parser=<colcon_mixin.mixin.mixin_argument.MixinArgumentDecorator object at 0x7f97f800b250>)
[0.340s] Level 1:colcon.colcon_core.package_discovery:discover_packages(colcon_meta) check parameters
[0.340s] Level 1:colcon.colcon_core.package_discovery:discover_packages(recursive) check parameters
[0.340s] Level 1:colcon.colcon_core.package_discovery:discover_packages(ignore) check parameters
[0.340s] Level 1:colcon.colcon_core.package_discovery:discover_packages(path) check parameters
[0.340s] Level 1:colcon.colcon_core.package_discovery:discover_packages(colcon_meta) discover
[0.340s] Level 1:colcon.colcon_core.package_discovery:discover_packages(recursive) discover
[0.340s] INFO:colcon.colcon_core.package_discovery:Crawling recursively for packages in '/home/nicklas/Documents/DAS_kandidate/IDT_SilvanDrone/module11_time_to_fly/src'
[0.340s] Level 1:colcon.colcon_core.package_identification:_identify(.) by extensions ['ignore', 'ignore_ament_install']
[0.340s] Level 1:colcon.colcon_core.package_identification:_identify(.) by extension 'ignore'
[0.340s] Level 1:colcon.colcon_core.package_identification:_identify(.) by extension 'ignore_ament_install'
[0.340s] Level 1:colcon.colcon_core.package_identification:_identify(.) by extensions ['colcon_pkg']
[0.340s] Level 1:colcon.colcon_core.package_identification:_identify(.) by extension 'colcon_pkg'
[0.340s] Level 1:colcon.colcon_core.package_identification:_identify(.) by extensions ['colcon_meta']
[0.340s] Level 1:colcon.colcon_core.package_identification:_identify(.) by extension 'colcon_meta'
[0.340s] Level 1:colcon.colcon_core.package_identification:_identify(.) by extensions ['ros']
[0.340s] Level 1:colcon.colcon_core.package_identification:_identify(.) by extension 'ros'
[0.350s] Level 1:colcon.colcon_core.package_identification:_identify(.) by extensions ['cmake', 'python']
[0.350s] Level 1:colcon.colcon_core.package_identification:_identify(.) by extension 'cmake'
[0.350s] Level 1:colcon.colcon_core.package_identification:_identify(.) by extension 'python'
[0.350s] Level 1:colcon.colcon_core.package_identification:_identify(.) by extensions ['python_setup_py']
[0.350s] Level 1:colcon.colcon_core.package_identification:_identify(.) by extension 'python_setup_py'
[0.350s] Level 1:colcon.colcon_core.package_identification:_identify(build) by extensions ['ignore', 'ignore_ament_install']
[0.350s] Level 1:colcon.colcon_core.package_identification:_identify(build) by extension 'ignore'
[0.351s] Level 1:colcon.colcon_core.package_identification:_identify(build) ignored
[0.351s] Level 1:colcon.colcon_core.package_identification:_identify(idt) by extensions ['ignore', 'ignore_ament_install']
[0.351s] Level 1:colcon.colcon_core.package_identification:_identify(idt) by extension 'ignore'
[0.351s] Level 1:colcon.colcon_core.package_identification:_identify(idt) by extension 'ignore_ament_install'
[0.351s] Level 1:colcon.colcon_core.package_identification:_identify(idt) by extensions ['colcon_pkg']
[0.351s] Level 1:colcon.colcon_core.package_identification:_identify(idt) by extension 'colcon_pkg'
[0.351s] Level 1:colcon.colcon_core.package_identification:_identify(idt) by extensions ['colcon_meta']
[0.351s] Level 1:colcon.colcon_core.package_identification:_identify(idt) by extension 'colcon_meta'
[0.351s] Level 1:colcon.colcon_core.package_identification:_identify(idt) by extensions ['ros']
[0.351s] Level 1:colcon.colcon_core.package_identification:_identify(idt) by extension 'ros'
[0.353s] DEBUG:colcon.colcon_core.package_identification:Package 'idt' with type 'ros.ament_python' and name 'idt'
[0.353s] Level 1:colcon.colcon_core.package_identification:_identify(install) by extensions ['ignore', 'ignore_ament_install']
[0.353s] Level 1:colcon.colcon_core.package_identification:_identify(install) by extension 'ignore'
[0.353s] Level 1:colcon.colcon_core.package_identification:_identify(install) ignored
[0.353s] Level 1:colcon.colcon_core.package_identification:_identify(log) by extensions ['ignore', 'ignore_ament_install']
[0.353s] Level 1:colcon.colcon_core.package_identification:_identify(log) by extension 'ignore'
[0.353s] Level 1:colcon.colcon_core.package_identification:_identify(log) ignored
[0.353s] Level 1:colcon.colcon_core.package_discovery:discover_packages(recursive) using defaults
[0.354s] Level 1:colcon.colcon_core.package_discovery:discover_packages(ignore) discover
[0.354s] Level 1:colcon.colcon_core.package_discovery:discover_packages(ignore) using defaults
[0.354s] Level 1:colcon.colcon_core.package_discovery:discover_packages(path) discover
[0.354s] Level 1:colcon.colcon_core.package_discovery:discover_packages(path) using defaults
[0.380s] Level 1:colcon.colcon_core.package_discovery:discover_packages(prefix_path) check parameters
[0.380s] Level 1:colcon.colcon_core.package_discovery:discover_packages(prefix_path) discover
[0.382s] DEBUG:colcon.colcon_installed_package_information.package_discovery:Found 1 installed packages in /home/nicklas/Documents/DAS_kandidate/IDT_SilvanDrone/idt_ros2_nodes/install
[0.383s] DEBUG:colcon.colcon_installed_package_information.package_discovery:Found 263 installed packages in /opt/ros/foxy
[0.384s] Level 1:colcon.colcon_core.package_discovery:discover_packages(prefix_path) using defaults
[0.431s] Level 5:colcon.colcon_core.verb:set package 'idt' build argument 'cmake_args' from command line to 'None'
[0.431s] Level 5:colcon.colcon_core.verb:set package 'idt' build argument 'cmake_target' from command line to 'None'
[0.431s] Level 5:colcon.colcon_core.verb:set package 'idt' build argument 'cmake_target_skip_unavailable' from command line to 'False'
[0.431s] Level 5:colcon.colcon_core.verb:set package 'idt' build argument 'cmake_clean_cache' from command line to 'False'
[0.431s] Level 5:colcon.colcon_core.verb:set package 'idt' build argument 'cmake_clean_first' from command line to 'False'
[0.431s] Level 5:colcon.colcon_core.verb:set package 'idt' build argument 'cmake_force_configure' from command line to 'False'
[0.431s] Level 5:colcon.colcon_core.verb:set package 'idt' build argument 'ament_cmake_args' from command line to 'None'
[0.431s] Level 5:colcon.colcon_core.verb:set package 'idt' build argument 'catkin_cmake_args' from command line to 'None'
[0.431s] Level 5:colcon.colcon_core.verb:set package 'idt' build argument 'catkin_skip_building_tests' from command line to 'False'
[0.431s] DEBUG:colcon.colcon_core.verb:Building package 'idt' with the following arguments: {'ament_cmake_args': None, 'build_base': '/home/nicklas/Documents/DAS_kandidate/IDT_SilvanDrone/module11_time_to_fly/src/build/idt', 'catkin_cmake_args': None, 'catkin_skip_building_tests': False, 'cmake_args': None, 'cmake_clean_cache': False, 'cmake_clean_first': False, 'cmake_force_configure': False, 'cmake_target': None, 'cmake_target_skip_unavailable': False, 'install_base': '/home/nicklas/Documents/DAS_kandidate/IDT_SilvanDrone/module11_time_to_fly/src/install/idt', 'merge_install': False, 'path': '/home/nicklas/Documents/DAS_kandidate/IDT_SilvanDrone/module11_time_to_fly/src/idt', 'symlink_install': False, 'test_result_base': None}
[0.432s] INFO:colcon.colcon_core.executor:Executing jobs using 'parallel' executor
[0.433s] DEBUG:colcon.colcon_parallel_executor.executor.parallel:run_until_complete
[0.433s] INFO:colcon.colcon_ros.task.ament_python.build:Building ROS package in '/home/nicklas/Documents/DAS_kandidate/IDT_SilvanDrone/module11_time_to_fly/src/idt' with build type 'ament_python'
[0.433s] Level 1:colcon.colcon_core.shell:create_environment_hook('idt', 'ament_prefix_path')
[0.435s] INFO:colcon.colcon_core.plugin_system:Skipping extension 'colcon_core.shell.bat': Not used on non-Windows systems
[0.435s] INFO:colcon.colcon_core.shell:Creating environment hook '/home/nicklas/Documents/DAS_kandidate/IDT_SilvanDrone/module11_time_to_fly/src/install/idt/share/idt/hook/ament_prefix_path.ps1'
[0.436s] INFO:colcon.colcon_core.shell:Creating environment descriptor '/home/nicklas/Documents/DAS_kandidate/IDT_SilvanDrone/module11_time_to_fly/src/install/idt/share/idt/hook/ament_prefix_path.dsv'
[0.436s] INFO:colcon.colcon_core.shell:Creating environment hook '/home/nicklas/Documents/DAS_kandidate/IDT_SilvanDrone/module11_time_to_fly/src/install/idt/share/idt/hook/ament_prefix_path.sh'
[0.437s] INFO:colcon.colcon_core.shell:Skip shell extension 'powershell' for command environment: Not usable outside of PowerShell
[0.437s] DEBUG:colcon.colcon_core.shell:Skip shell extension 'dsv' for command environment
[0.674s] INFO:colcon.colcon_core.task.python.build:Building Python package in '/home/nicklas/Documents/DAS_kandidate/IDT_SilvanDrone/module11_time_to_fly/src/idt'
[0.675s] INFO:colcon.colcon_core.shell:Skip shell extension 'powershell' for command environment: Not usable outside of PowerShell
[0.675s] DEBUG:colcon.colcon_core.shell:Skip shell extension 'dsv' for command environment
[1.054s] DEBUG:colcon.colcon_core.event_handler.log_command:Invoking command in '/home/nicklas/Documents/DAS_kandidate/IDT_SilvanDrone/module11_time_to_fly/src/idt': PYTHONPATH=/home/nicklas/Documents/DAS_kandidate/IDT_SilvanDrone/module11_time_to_fly/src/build/idt/prefix_override:/usr/lib/python3/dist-packages/colcon_core/task/python/colcon_distutils_commands:/home/nicklas/Documents/DAS_kandidate/IDT_SilvanDrone/module11_time_to_fly/src/install/idt/lib/python3.8/site-packages:${PYTHONPATH} _=/usr/bin/env /usr/bin/python3 -W ignore:setup.py install is deprecated setup.py egg_info --egg-base ../build/idt build --build-base /home/nicklas/Documents/DAS_kandidate/IDT_SilvanDrone/module11_time_to_fly/src/build/idt/build install --record /home/nicklas/Documents/DAS_kandidate/IDT_SilvanDrone/module11_time_to_fly/src/build/idt/install.log --single-version-externally-managed install_data
[1.346s] DEBUG:colcon.colcon_core.event_handler.log_command:Invoked command in '/home/nicklas/Documents/DAS_kandidate/IDT_SilvanDrone/module11_time_to_fly/src/idt' returned '0': PYTHONPATH=/home/nicklas/Documents/DAS_kandidate/IDT_SilvanDrone/module11_time_to_fly/src/build/idt/prefix_override:/usr/lib/python3/dist-packages/colcon_core/task/python/colcon_distutils_commands:/home/nicklas/Documents/DAS_kandidate/IDT_SilvanDrone/module11_time_to_fly/src/install/idt/lib/python3.8/site-packages:${PYTHONPATH} _=/usr/bin/env /usr/bin/python3 -W ignore:setup.py install is deprecated setup.py egg_info --egg-base ../build/idt build --build-base /home/nicklas/Documents/DAS_kandidate/IDT_SilvanDrone/module11_time_to_fly/src/build/idt/build install --record /home/nicklas/Documents/DAS_kandidate/IDT_SilvanDrone/module11_time_to_fly/src/build/idt/install.log --single-version-externally-managed install_data
[1.352s] Level 1:colcon.colcon_core.environment:checking '/home/nicklas/Documents/DAS_kandidate/IDT_SilvanDrone/module11_time_to_fly/src/install/idt' for CMake module files
[1.353s] Level 1:colcon.colcon_core.environment:checking '/home/nicklas/Documents/DAS_kandidate/IDT_SilvanDrone/module11_time_to_fly/src/install/idt' for CMake config files
[1.355s] Level 1:colcon.colcon_core.environment:checking '/home/nicklas/Documents/DAS_kandidate/IDT_SilvanDrone/module11_time_to_fly/src/install/idt/lib'
[1.355s] Level 1:colcon.colcon_core.environment:checking '/home/nicklas/Documents/DAS_kandidate/IDT_SilvanDrone/module11_time_to_fly/src/install/idt/bin'
[1.355s] Level 1:colcon.colcon_core.environment:checking '/home/nicklas/Documents/DAS_kandidate/IDT_SilvanDrone/module11_time_to_fly/src/install/idt/lib/pkgconfig/idt.pc'
[1.355s] Level 1:colcon.colcon_core.environment:checking '/home/nicklas/Documents/DAS_kandidate/IDT_SilvanDrone/module11_time_to_fly/src/install/idt/lib/python3.8/site-packages'
[1.355s] Level 1:colcon.colcon_core.shell:create_environment_hook('idt', 'pythonpath')
[1.356s] INFO:colcon.colcon_core.shell:Creating environment hook '/home/nicklas/Documents/DAS_kandidate/IDT_SilvanDrone/module11_time_to_fly/src/install/idt/share/idt/hook/pythonpath.ps1'
[1.356s] INFO:colcon.colcon_core.shell:Creating environment descriptor '/home/nicklas/Documents/DAS_kandidate/IDT_SilvanDrone/module11_time_to_fly/src/install/idt/share/idt/hook/pythonpath.dsv'
[1.356s] INFO:colcon.colcon_core.shell:Creating environment hook '/home/nicklas/Documents/DAS_kandidate/IDT_SilvanDrone/module11_time_to_fly/src/install/idt/share/idt/hook/pythonpath.sh'
[1.357s] Level 1:colcon.colcon_core.environment:checking '/home/nicklas/Documents/DAS_kandidate/IDT_SilvanDrone/module11_time_to_fly/src/install/idt/bin'
[1.357s] Level 1:colcon.colcon_core.environment:create_environment_scripts_only(idt)
[1.357s] INFO:colcon.colcon_core.shell:Creating package script '/home/nicklas/Documents/DAS_kandidate/IDT_SilvanDrone/module11_time_to_fly/src/install/idt/share/idt/package.ps1'
[1.357s] INFO:colcon.colcon_core.shell:Creating package descriptor '/home/nicklas/Documents/DAS_kandidate/IDT_SilvanDrone/module11_time_to_fly/src/install/idt/share/idt/package.dsv'
[1.358s] INFO:colcon.colcon_core.shell:Creating package script '/home/nicklas/Documents/DAS_kandidate/IDT_SilvanDrone/module11_time_to_fly/src/install/idt/share/idt/package.sh'
[1.358s] INFO:colcon.colcon_core.shell:Creating package script '/home/nicklas/Documents/DAS_kandidate/IDT_SilvanDrone/module11_time_to_fly/src/install/idt/share/idt/package.bash'
[1.359s] INFO:colcon.colcon_core.shell:Creating package script '/home/nicklas/Documents/DAS_kandidate/IDT_SilvanDrone/module11_time_to_fly/src/install/idt/share/idt/package.zsh'
[1.359s] Level 1:colcon.colcon_core.environment:create_file_with_runtime_dependencies(/home/nicklas/Documents/DAS_kandidate/IDT_SilvanDrone/module11_time_to_fly/src/install/idt/share/colcon-core/packages/idt)
[1.360s] DEBUG:colcon.colcon_parallel_executor.executor.parallel:closing loop
[1.360s] DEBUG:colcon.colcon_parallel_executor.executor.parallel:loop closed
[1.360s] DEBUG:colcon.colcon_parallel_executor.executor.parallel:run_until_complete finished with '0'
[1.360s] DEBUG:colcon.colcon_core.event_reactor:joining thread
[1.367s] INFO:colcon.colcon_core.plugin_system:Skipping extension 'colcon_notification.desktop_notification.terminal_notifier': Not used on non-Darwin systems
[1.367s] INFO:colcon.colcon_core.plugin_system:Skipping extension 'colcon_notification.desktop_notification.win32': Not used on non-Windows systems
[1.367s] INFO:colcon.colcon_notification.desktop_notification:Sending desktop notification using 'notify2'
[1.390s] DEBUG:colcon.colcon_core.event_reactor:joined thread
[1.391s] INFO:colcon.colcon_core.shell:Creating prefix script '/home/nicklas/Documents/DAS_kandidate/IDT_SilvanDrone/module11_time_to_fly/src/install/local_setup.ps1'
[1.393s] INFO:colcon.colcon_core.shell:Creating prefix util module '/home/nicklas/Documents/DAS_kandidate/IDT_SilvanDrone/module11_time_to_fly/src/install/_local_setup_util_ps1.py'
[1.396s] INFO:colcon.colcon_core.shell:Creating prefix chain script '/home/nicklas/Documents/DAS_kandidate/IDT_SilvanDrone/module11_time_to_fly/src/install/setup.ps1'
[1.398s] INFO:colcon.colcon_core.shell:Creating prefix script '/home/nicklas/Documents/DAS_kandidate/IDT_SilvanDrone/module11_time_to_fly/src/install/local_setup.sh'
[1.399s] INFO:colcon.colcon_core.shell:Creating prefix util module '/home/nicklas/Documents/DAS_kandidate/IDT_SilvanDrone/module11_time_to_fly/src/install/_local_setup_util_sh.py'
[1.400s] INFO:colcon.colcon_core.shell:Creating prefix chain script '/home/nicklas/Documents/DAS_kandidate/IDT_SilvanDrone/module11_time_to_fly/src/install/setup.sh'
[1.401s] INFO:colcon.colcon_core.shell:Creating prefix script '/home/nicklas/Documents/DAS_kandidate/IDT_SilvanDrone/module11_time_to_fly/src/install/local_setup.bash'
[1.402s] INFO:colcon.colcon_core.shell:Creating prefix chain script '/home/nicklas/Documents/DAS_kandidate/IDT_SilvanDrone/module11_time_to_fly/src/install/setup.bash'
[1.402s] INFO:colcon.colcon_core.shell:Creating prefix script '/home/nicklas/Documents/DAS_kandidate/IDT_SilvanDrone/module11_time_to_fly/src/install/local_setup.zsh'
[1.403s] INFO:colcon.colcon_core.shell:Creating prefix chain script '/home/nicklas/Documents/DAS_kandidate/IDT_SilvanDrone/module11_time_to_fly/src/install/setup.zsh'
