[0.695s] Invoking command in '/home/nicklas/Documents/DAS_kandidate/IDT_SilvanDrone/idt_ros2_nodes/src/idt': PYTHONPATH=/home/nicklas/Documents/DAS_kandidate/IDT_SilvanDrone/idt_ros2_nodes/build/idt/prefix_override:/usr/lib/python3/dist-packages/colcon_core/task/python/colcon_distutils_commands:/home/nicklas/Documents/DAS_kandidate/IDT_SilvanDrone/idt_ros2_nodes/install/idt/lib/python3.8/site-packages:${PYTHONPATH} _=/usr/bin/env /usr/bin/python3 -W ignore:setup.py install is deprecated setup.py egg_info --egg-base ../../build/idt build --build-base /home/nicklas/Documents/DAS_kandidate/IDT_SilvanDrone/idt_ros2_nodes/build/idt/build install --record /home/nicklas/Documents/DAS_kandidate/IDT_SilvanDrone/idt_ros2_nodes/build/idt/install.log --single-version-externally-managed install_data
[0.901s] running egg_info
[0.901s] writing ../../build/idt/idt.egg-info/PKG-INFO
[0.901s] writing dependency_links to ../../build/idt/idt.egg-info/dependency_links.txt
[0.902s] writing entry points to ../../build/idt/idt.egg-info/entry_points.txt
[0.902s] writing requirements to ../../build/idt/idt.egg-info/requires.txt
[0.902s] writing top-level names to ../../build/idt/idt.egg-info/top_level.txt
[0.936s] reading manifest file '../../build/idt/idt.egg-info/SOURCES.txt'
[0.936s] writing manifest file '../../build/idt/idt.egg-info/SOURCES.txt'
[0.937s] running build
[0.937s] running build_py
[0.937s] running install
[0.938s] running install_lib
[0.940s] running install_data
[0.940s] running install_egg_info
[0.941s] removing '/home/nicklas/Documents/DAS_kandidate/IDT_SilvanDrone/idt_ros2_nodes/install/idt/lib/python3.8/site-packages/idt-0.1.0-py3.8.egg-info' (and everything under it)
[0.942s] Copying ../../build/idt/idt.egg-info to /home/nicklas/Documents/DAS_kandidate/IDT_SilvanDrone/idt_ros2_nodes/install/idt/lib/python3.8/site-packages/idt-0.1.0-py3.8.egg-info
[0.943s] running install_scripts
[0.960s] Installing get_global_pos script to /home/nicklas/Documents/DAS_kandidate/IDT_SilvanDrone/idt_ros2_nodes/install/idt/lib/idt
[0.960s] Installing get_radio_rssi script to /home/nicklas/Documents/DAS_kandidate/IDT_SilvanDrone/idt_ros2_nodes/install/idt/lib/idt
[0.960s] Installing hello_drone script to /home/nicklas/Documents/DAS_kandidate/IDT_SilvanDrone/idt_ros2_nodes/install/idt/lib/idt
[0.960s] Installing rssi_logger script to /home/nicklas/Documents/DAS_kandidate/IDT_SilvanDrone/idt_ros2_nodes/install/idt/lib/idt
[0.961s] writing list of installed files to '/home/nicklas/Documents/DAS_kandidate/IDT_SilvanDrone/idt_ros2_nodes/build/idt/install.log'
[1.009s] Invoked command in '/home/nicklas/Documents/DAS_kandidate/IDT_SilvanDrone/idt_ros2_nodes/src/idt' returned '0': PYTHONPATH=/home/nicklas/Documents/DAS_kandidate/IDT_SilvanDrone/idt_ros2_nodes/build/idt/prefix_override:/usr/lib/python3/dist-packages/colcon_core/task/python/colcon_distutils_commands:/home/nicklas/Documents/DAS_kandidate/IDT_SilvanDrone/idt_ros2_nodes/install/idt/lib/python3.8/site-packages:${PYTHONPATH} _=/usr/bin/env /usr/bin/python3 -W ignore:setup.py install is deprecated setup.py egg_info --egg-base ../../build/idt build --build-base /home/nicklas/Documents/DAS_kandidate/IDT_SilvanDrone/idt_ros2_nodes/build/idt/build install --record /home/nicklas/Documents/DAS_kandidate/IDT_SilvanDrone/idt_ros2_nodes/build/idt/install.log --single-version-externally-managed install_data
