[0.554s] Invoking command in '/home/mat/Downloads/course_materials/idt_ros2_nodes/src/idt': PYTHONPATH=/home/mat/Downloads/course_materials/idt_ros2_nodes/build/idt/prefix_override:/usr/lib/python3/dist-packages/colcon_core/task/python/colcon_distutils_commands:/home/mat/Downloads/course_materials/idt_ros2_nodes/install/idt/lib/python3.10/site-packages:${PYTHONPATH} /usr/bin/python3 -W ignore:setup.py install is deprecated setup.py egg_info --egg-base ../../build/idt build --build-base /home/mat/Downloads/course_materials/idt_ros2_nodes/build/idt/build install --record /home/mat/Downloads/course_materials/idt_ros2_nodes/build/idt/install.log --single-version-externally-managed install_data
[0.762s] running egg_info
[0.762s] writing ../../build/idt/idt.egg-info/PKG-INFO
[0.763s] writing dependency_links to ../../build/idt/idt.egg-info/dependency_links.txt
[0.763s] writing entry points to ../../build/idt/idt.egg-info/entry_points.txt
[0.763s] writing requirements to ../../build/idt/idt.egg-info/requires.txt
[0.763s] writing top-level names to ../../build/idt/idt.egg-info/top_level.txt
[0.765s] reading manifest file '../../build/idt/idt.egg-info/SOURCES.txt'
[0.765s] writing manifest file '../../build/idt/idt.egg-info/SOURCES.txt'
[0.766s] running build
[0.766s] running build_py
[0.766s] copying idt/rssi_logger.py -> /home/mat/Downloads/course_materials/idt_ros2_nodes/build/idt/build/lib/idt
[0.766s] running install
[0.767s] running install_lib
[0.767s] copying /home/mat/Downloads/course_materials/idt_ros2_nodes/build/idt/build/lib/idt/rssi_logger.py -> /home/mat/Downloads/course_materials/idt_ros2_nodes/install/idt/lib/python3.10/site-packages/idt
[0.768s] byte-compiling /home/mat/Downloads/course_materials/idt_ros2_nodes/install/idt/lib/python3.10/site-packages/idt/rssi_logger.py to rssi_logger.cpython-310.pyc
[0.769s] running install_data
[0.769s] running install_egg_info
[0.770s] removing '/home/mat/Downloads/course_materials/idt_ros2_nodes/install/idt/lib/python3.10/site-packages/idt-0.1.0-py3.10.egg-info' (and everything under it)
[0.770s] Copying ../../build/idt/idt.egg-info to /home/mat/Downloads/course_materials/idt_ros2_nodes/install/idt/lib/python3.10/site-packages/idt-0.1.0-py3.10.egg-info
[0.771s] running install_scripts
[0.787s] Installing get_global_pos script to /home/mat/Downloads/course_materials/idt_ros2_nodes/install/idt/lib/idt
[0.787s] Installing get_radio_rssi script to /home/mat/Downloads/course_materials/idt_ros2_nodes/install/idt/lib/idt
[0.788s] Installing hello_drone script to /home/mat/Downloads/course_materials/idt_ros2_nodes/install/idt/lib/idt
[0.788s] Installing rssi_logger script to /home/mat/Downloads/course_materials/idt_ros2_nodes/install/idt/lib/idt
[0.788s] writing list of installed files to '/home/mat/Downloads/course_materials/idt_ros2_nodes/build/idt/install.log'
[0.804s] Invoked command in '/home/mat/Downloads/course_materials/idt_ros2_nodes/src/idt' returned '0': PYTHONPATH=/home/mat/Downloads/course_materials/idt_ros2_nodes/build/idt/prefix_override:/usr/lib/python3/dist-packages/colcon_core/task/python/colcon_distutils_commands:/home/mat/Downloads/course_materials/idt_ros2_nodes/install/idt/lib/python3.10/site-packages:${PYTHONPATH} /usr/bin/python3 -W ignore:setup.py install is deprecated setup.py egg_info --egg-base ../../build/idt build --build-base /home/mat/Downloads/course_materials/idt_ros2_nodes/build/idt/build install --record /home/mat/Downloads/course_materials/idt_ros2_nodes/build/idt/install.log --single-version-externally-managed install_data
