[0.897s] Invoking command in '/home/mat/Downloads/course_materials/idt_ros2_nodes/src/idt': PYTHONPATH=/home/mat/Downloads/course_materials/idt_ros2_nodes/build/idt/prefix_override:/usr/lib/python3/dist-packages/colcon_core/task/python/colcon_distutils_commands:/home/mat/Downloads/course_materials/idt_ros2_nodes/install/idt/lib/python3.10/site-packages:${PYTHONPATH} /usr/bin/python3 -W ignore:setup.py install is deprecated setup.py egg_info --egg-base ../../build/idt build --build-base /home/mat/Downloads/course_materials/idt_ros2_nodes/build/idt/build install --record /home/mat/Downloads/course_materials/idt_ros2_nodes/build/idt/install.log --single-version-externally-managed install_data
[1.243s] running egg_info
[1.244s] writing ../../build/idt/idt.egg-info/PKG-INFO
[1.244s] writing dependency_links to ../../build/idt/idt.egg-info/dependency_links.txt
[1.244s] writing entry points to ../../build/idt/idt.egg-info/entry_points.txt
[1.245s] writing requirements to ../../build/idt/idt.egg-info/requires.txt
[1.245s] writing top-level names to ../../build/idt/idt.egg-info/top_level.txt
[1.247s] reading manifest file '../../build/idt/idt.egg-info/SOURCES.txt'
[1.248s] writing manifest file '../../build/idt/idt.egg-info/SOURCES.txt'
[1.248s] running build
[1.248s] running build_py
[1.249s] running install
[1.249s] running install_lib
[1.251s] running install_data
[1.251s] running install_egg_info
[1.253s] removing '/home/mat/Downloads/course_materials/idt_ros2_nodes/install/idt/lib/python3.10/site-packages/idt-0.1.0-py3.10.egg-info' (and everything under it)
[1.254s] Copying ../../build/idt/idt.egg-info to /home/mat/Downloads/course_materials/idt_ros2_nodes/install/idt/lib/python3.10/site-packages/idt-0.1.0-py3.10.egg-info
[1.255s] running install_scripts
[1.280s] Installing get_global_pos script to /home/mat/Downloads/course_materials/idt_ros2_nodes/install/idt/lib/idt
[1.280s] Installing get_radio_rssi script to /home/mat/Downloads/course_materials/idt_ros2_nodes/install/idt/lib/idt
[1.281s] Installing hello_drone script to /home/mat/Downloads/course_materials/idt_ros2_nodes/install/idt/lib/idt
[1.281s] Installing rssi_logger script to /home/mat/Downloads/course_materials/idt_ros2_nodes/install/idt/lib/idt
[1.281s] writing list of installed files to '/home/mat/Downloads/course_materials/idt_ros2_nodes/build/idt/install.log'
[1.304s] Invoked command in '/home/mat/Downloads/course_materials/idt_ros2_nodes/src/idt' returned '0': PYTHONPATH=/home/mat/Downloads/course_materials/idt_ros2_nodes/build/idt/prefix_override:/usr/lib/python3/dist-packages/colcon_core/task/python/colcon_distutils_commands:/home/mat/Downloads/course_materials/idt_ros2_nodes/install/idt/lib/python3.10/site-packages:${PYTHONPATH} /usr/bin/python3 -W ignore:setup.py install is deprecated setup.py egg_info --egg-base ../../build/idt build --build-base /home/mat/Downloads/course_materials/idt_ros2_nodes/build/idt/build install --record /home/mat/Downloads/course_materials/idt_ros2_nodes/build/idt/install.log --single-version-externally-managed install_data
